[4702:1130/234922.548367:ERROR:bus.cc(407)] Failed to connect to the bus: Failed to connect to socket /run/user/1000/bus: No such file or directory
[4702:1130/234922.548480:ERROR:bus.cc(407)] Failed to connect to the bus: Failed to connect to socket /run/user/1000/bus: No such file or directory
[4702:1130/234922.548565:ERROR:bus.cc(407)] Failed to connect to the bus: Failed to connect to socket /run/user/1000/bus: No such file or directory
[4702:1130/234922.548592:ERROR:bus.cc(407)] Failed to connect to the bus: Failed to connect to socket /run/user/1000/bus: No such file or directory
[4702:1130/234922.803919:WARNING:bluez_dbus_manager.cc(247)] Floss manager not present, cannot set Floss enable/disable.
[4702:1130/234922.843296:ERROR:bus.cc(407)] Failed to connect to the bus: Failed to connect to socket /run/user/1000/bus: No such file or directory
[4702:1130/234922.867894:ERROR:object_proxy.cc(577)] Failed to call method: org.freedesktop.DBus.NameHasOwner: object_path= /org/freedesktop/DBus: unknown error type: 
[4702:1130/234924.483267:ERROR:browser_main_loop.cc(275)] Gtk: gtk_widget_add_accelerator: assertion 'GTK_IS_ACCEL_GROUP (accel_group)' failed
[4702:1130/234924.545238:ERROR:bus.cc(407)] Failed to connect to the bus: Failed to connect to socket /run/user/1000/bus: No such file or directory
[4931:1130/234934.872735:ERROR:bus.cc(407)] Failed to connect to the bus: Failed to connect to socket /run/user/1000/bus: No such file or directory
[4931:1130/234934.872841:ERROR:bus.cc(407)] Failed to connect to the bus: Failed to connect to socket /run/user/1000/bus: No such file or directory
[4931:1130/234934.872866:ERROR:bus.cc(407)] Failed to connect to the bus: Failed to connect to socket /run/user/1000/bus: No such file or directory
[4931:1130/234934.872883:ERROR:bus.cc(407)] Failed to connect to the bus: Failed to connect to socket /run/user/1000/bus: No such file or directory
[4931:1130/234934.960577:WARNING:bluez_dbus_manager.cc(247)] Floss manager not present, cannot set Floss enable/disable.
[4931:1130/234935.000930:ERROR:bus.cc(407)] Failed to connect to the bus: Failed to connect to socket /run/user/1000/bus: No such file or directory
[4931:1130/234935.021699:ERROR:object_proxy.cc(577)] Failed to call method: org.freedesktop.DBus.NameHasOwner: object_path= /org/freedesktop/DBus: unknown error type: 
[4931:1130/234935.048331:ERROR:browser_main_loop.cc(275)] Gtk: gtk_widget_add_accelerator: assertion 'GTK_IS_ACCEL_GROUP (accel_group)' failed
[4931:1130/234935.211882:ERROR:bus.cc(407)] Failed to connect to the bus: Failed to connect to socket /run/user/1000/bus: No such file or directory
[8074:1201/004136.941862:ERROR:bus.cc(407)] Failed to connect to the bus: Failed to connect to socket /run/user/1000/bus: No such file or directory
[8074:1201/004136.942587:ERROR:bus.cc(407)] Failed to connect to the bus: Failed to connect to socket /run/user/1000/bus: No such file or directory
[8074:1201/004136.942628:ERROR:bus.cc(407)] Failed to connect to the bus: Failed to connect to socket /run/user/1000/bus: No such file or directory
[8074:1201/004136.942645:ERROR:bus.cc(407)] Failed to connect to the bus: Failed to connect to socket /run/user/1000/bus: No such file or directory
[8074:1201/004137.052031:WARNING:bluez_dbus_manager.cc(247)] Floss manager not present, cannot set Floss enable/disable.
[8074:1201/004137.088803:ERROR:bus.cc(407)] Failed to connect to the bus: Failed to connect to socket /run/user/1000/bus: No such file or directory
[8074:1201/004137.108864:ERROR:object_proxy.cc(577)] Failed to call method: org.freedesktop.DBus.NameHasOwner: object_path= /org/freedesktop/DBus: unknown error type: 
[8074:1201/004137.132724:ERROR:browser_main_loop.cc(275)] Gtk: gtk_widget_add_accelerator: assertion 'GTK_IS_ACCEL_GROUP (accel_group)' failed
[8074:1201/004137.297470:ERROR:bus.cc(407)] Failed to connect to the bus: Failed to connect to socket /run/user/1000/bus: No such file or directory
[8074:1201/004245.787471:FATAL:bus.cc(1246)] D-Bus connection was disconnected. Aborting.
[8074:1201/004245.787587:FATAL:bus.cc(1246)] D-Bus connection was disconnected. Aborting.
[8916:1201/004704.599528:ERROR:bus.cc(407)] Failed to connect to the bus: Failed to connect to socket /run/user/1000/bus: No such file or directory
[8916:1201/004704.599636:ERROR:bus.cc(407)] Failed to connect to the bus: Failed to connect to socket /run/user/1000/bus: No such file or directory
[8916:1201/004704.599661:ERROR:bus.cc(407)] Failed to connect to the bus: Failed to connect to socket /run/user/1000/bus: No such file or directory
[8916:1201/004704.599676:ERROR:bus.cc(407)] Failed to connect to the bus: Failed to connect to socket /run/user/1000/bus: No such file or directory
[8916:1201/004704.685721:WARNING:bluez_dbus_manager.cc(247)] Floss manager not present, cannot set Floss enable/disable.
[8916:1201/004704.720104:ERROR:bus.cc(407)] Failed to connect to the bus: Failed to connect to socket /run/user/1000/bus: No such file or directory
[8916:1201/004704.739969:ERROR:object_proxy.cc(577)] Failed to call method: org.freedesktop.DBus.NameHasOwner: object_path= /org/freedesktop/DBus: unknown error type: 
[8916:1201/004704.769555:ERROR:browser_main_loop.cc(275)] Gtk: gtk_widget_add_accelerator: assertion 'GTK_IS_ACCEL_GROUP (accel_group)' failed
[8916:1201/004704.929676:ERROR:bus.cc(407)] Failed to connect to the bus: Failed to connect to socket /run/user/1000/bus: No such file or directory
[9338:1201/004739.403951:ERROR:bus.cc(407)] Failed to connect to the bus: Failed to connect to socket /run/user/1000/bus: No such file or directory
[9338:1201/004739.404248:ERROR:bus.cc(407)] Failed to connect to the bus: Failed to connect to socket /run/user/1000/bus: No such file or directory
[9338:1201/004739.404295:ERROR:bus.cc(407)] Failed to connect to the bus: Failed to connect to socket /run/user/1000/bus: No such file or directory
[9338:1201/004739.404328:ERROR:bus.cc(407)] Failed to connect to the bus: Failed to connect to socket /run/user/1000/bus: No such file or directory
[9338:1201/004739.495897:WARNING:bluez_dbus_manager.cc(247)] Floss manager not present, cannot set Floss enable/disable.
[9338:1201/004739.528404:ERROR:bus.cc(407)] Failed to connect to the bus: Failed to connect to socket /run/user/1000/bus: No such file or directory
[9338:1201/004739.548351:ERROR:object_proxy.cc(577)] Failed to call method: org.freedesktop.DBus.NameHasOwner: object_path= /org/freedesktop/DBus: unknown error type: 
[9338:1201/004739.577258:ERROR:browser_main_loop.cc(275)] Gtk: gtk_widget_add_accelerator: assertion 'GTK_IS_ACCEL_GROUP (accel_group)' failed
[9338:1201/004739.737991:ERROR:bus.cc(407)] Failed to connect to the bus: Failed to connect to socket /run/user/1000/bus: No such file or directory
[9721:1201/004944.160032:ERROR:bus.cc(407)] Failed to connect to the bus: Failed to connect to socket /run/user/1000/bus: No such file or directory
[9721:1201/004944.160135:ERROR:bus.cc(407)] Failed to connect to the bus: Failed to connect to socket /run/user/1000/bus: No such file or directory
[9721:1201/004944.160153:ERROR:bus.cc(407)] Failed to connect to the bus: Failed to connect to socket /run/user/1000/bus: No such file or directory
[9721:1201/004944.160178:ERROR:bus.cc(407)] Failed to connect to the bus: Failed to connect to socket /run/user/1000/bus: No such file or directory
[9721:1201/004944.245447:WARNING:bluez_dbus_manager.cc(247)] Floss manager not present, cannot set Floss enable/disable.
[9721:1201/004944.283605:ERROR:bus.cc(407)] Failed to connect to the bus: Failed to connect to socket /run/user/1000/bus: No such file or directory
[9721:1201/004944.304712:ERROR:object_proxy.cc(577)] Failed to call method: org.freedesktop.DBus.NameHasOwner: object_path= /org/freedesktop/DBus: unknown error type: 
[9721:1201/004944.331745:ERROR:browser_main_loop.cc(275)] Gtk: gtk_widget_add_accelerator: assertion 'GTK_IS_ACCEL_GROUP (accel_group)' failed
[9721:1201/004944.494318:ERROR:bus.cc(407)] Failed to connect to the bus: Failed to connect to socket /run/user/1000/bus: No such file or directory
[9756:1201/004952.541703:WARNING:spdy_session.cc(2984)] Received HEADERS for invalid stream 3
[9999:1201/005046.980283:ERROR:bus.cc(407)] Failed to connect to the bus: Failed to connect to socket /run/user/1000/bus: No such file or directory
[9999:1201/005046.980389:ERROR:bus.cc(407)] Failed to connect to the bus: Failed to connect to socket /run/user/1000/bus: No such file or directory
[9999:1201/005046.980411:ERROR:bus.cc(407)] Failed to connect to the bus: Failed to connect to socket /run/user/1000/bus: No such file or directory
[9999:1201/005046.980431:ERROR:bus.cc(407)] Failed to connect to the bus: Failed to connect to socket /run/user/1000/bus: No such file or directory
[9999:1201/005047.069112:WARNING:bluez_dbus_manager.cc(247)] Floss manager not present, cannot set Floss enable/disable.
[9999:1201/005047.108511:ERROR:bus.cc(407)] Failed to connect to the bus: Failed to connect to socket /run/user/1000/bus: No such file or directory
[9999:1201/005047.127192:ERROR:object_proxy.cc(577)] Failed to call method: org.freedesktop.DBus.NameHasOwner: object_path= /org/freedesktop/DBus: unknown error type: 
[9999:1201/005047.154332:ERROR:browser_main_loop.cc(275)] Gtk: gtk_widget_add_accelerator: assertion 'GTK_IS_ACCEL_GROUP (accel_group)' failed
[9999:1201/005047.317345:ERROR:bus.cc(407)] Failed to connect to the bus: Failed to connect to socket /run/user/1000/bus: No such file or directory
[799:1201/184405.851173:ERROR:bus.cc(407)] Failed to connect to the bus: Failed to connect to socket /run/user/1000/bus: No such file or directory
[799:1201/184405.851817:ERROR:bus.cc(407)] Failed to connect to the bus: Failed to connect to socket /run/user/1000/bus: No such file or directory
[799:1201/184405.851865:ERROR:bus.cc(407)] Failed to connect to the bus: Failed to connect to socket /run/user/1000/bus: No such file or directory
[799:1201/184405.851886:ERROR:bus.cc(407)] Failed to connect to the bus: Failed to connect to socket /run/user/1000/bus: No such file or directory
[799:1201/184406.181048:WARNING:bluez_dbus_manager.cc(247)] Floss manager not present, cannot set Floss enable/disable.
[799:1201/184406.223843:ERROR:bus.cc(407)] Failed to connect to the bus: Failed to connect to socket /run/user/1000/bus: No such file or directory
[799:1201/184406.251475:ERROR:object_proxy.cc(577)] Failed to call method: org.freedesktop.DBus.NameHasOwner: object_path= /org/freedesktop/DBus: unknown error type: 
[799:1201/184406.396154:ERROR:browser_main_loop.cc(275)] Gtk: gtk_widget_add_accelerator: assertion 'GTK_IS_ACCEL_GROUP (accel_group)' failed
[799:1201/184406.471341:ERROR:bus.cc(407)] Failed to connect to the bus: Failed to connect to socket /run/user/1000/bus: No such file or directory
